<?xml version="1.0" encoding="UTF-8"?>
<testng-results skipped="0" failed="0" total="2" passed="2">
  <reporter-output>
  </reporter-output>
  <suite name="Suite" duration-ms="30129" started-at="2021-10-25T04:17:35Z" finished-at="2021-10-25T04:18:05Z">
    <groups>
    </groups>
    <test name="Test" duration-ms="30129" started-at="2021-10-25T04:17:35Z" finished-at="2021-10-25T04:18:05Z">
      <class name="docker.Setup_DockerGrid">
        <test-method status="PASS" signature="startDockerGrid()[pri:0, instance:docker.Setup_DockerGrid@6642dc5a]" name="startDockerGrid" is-config="true" duration-ms="15039" started-at="2021-10-25T09:47:35Z" finished-at="2021-10-25T09:47:50Z">
          <reporter-output>
          </reporter-output>
        </test-method> <!-- startDockerGrid -->
        <test-method status="PASS" signature="stoptDockerGrid()[pri:0, instance:docker.Setup_DockerGrid@6642dc5a]" name="stoptDockerGrid" is-config="true" duration-ms="5027" started-at="2021-10-25T09:48:00Z" finished-at="2021-10-25T09:48:05Z">
          <reporter-output>
          </reporter-output>
        </test-method> <!-- stoptDockerGrid -->
      </class> <!-- docker.Setup_DockerGrid -->
      <class name="docker.ChromeTest">
        <test-method status="PASS" signature="test1()[pri:0, instance:docker.ChromeTest@43da41e]" name="test1" duration-ms="7147" started-at="2021-10-25T09:47:50Z" finished-at="2021-10-25T09:47:57Z">
          <reporter-output>
          </reporter-output>
        </test-method> <!-- test1 -->
      </class> <!-- docker.ChromeTest -->
      <class name="docker.FirefoxTest">
        <test-method status="PASS" signature="test2()[pri:0, instance:docker.FirefoxTest@148c7c4b]" name="test2" duration-ms="10033" started-at="2021-10-25T09:47:50Z" finished-at="2021-10-25T09:48:00Z">
          <reporter-output>
          </reporter-output>
        </test-method> <!-- test2 -->
      </class> <!-- docker.FirefoxTest -->
    </test> <!-- Test -->
  </suite> <!-- Suite -->
</testng-results>
